<?xml version="1.0" encoding="UTF-8"?>
<!-- Generated by org.testng.reporters.JUnitReportReporter -->
<testsuite hostname="409147" name="site.ycsb.generator.TestRandomDiscreteTimestampGenerator" tests="3" failures="0" timestamp="8 Jul 2020 03:04:56 GMT" time="0.016" errors="0">
  <testcase name="tooLarge" time="0.015" classname="site.ycsb.generator.TestRandomDiscreteTimestampGenerator"/>
  <testcase name="withStartTime" time="0.000" classname="site.ycsb.generator.TestRandomDiscreteTimestampGenerator"/>
  <testcase name="systemTime" time="0.001" classname="site.ycsb.generator.TestRandomDiscreteTimestampGenerator"/>
</testsuite>
