<?xml version="1.0" encoding="UTF-8"?>
<!-- Generated by org.testng.reporters.JUnitReportReporter -->
<testsuite hostname="409147" name="site.ycsb.TestNumericByteIterator" tests="2" failures="0" timestamp="8 Jul 2020 03:04:56 GMT" time="0.001" errors="0">
  <testcase name="testDouble" time="0.001" classname="site.ycsb.TestNumericByteIterator"/>
  <testcase name="testLong" time="0.000" classname="site.ycsb.TestNumericByteIterator"/>
</testsuite>
