<?xml version="1.0" encoding="UTF-8"?>
<!-- Generated by org.testng.reporters.JUnitReportReporter -->
<testsuite hostname="409147" name="site.ycsb.generator.TestZipfianGenerator" tests="1" failures="0" timestamp="8 Jul 2020 03:04:56 GMT" time="0.005" errors="0">
  <testcase name="testMinAndMaxParameter" time="0.005" classname="site.ycsb.generator.TestZipfianGenerator"/>
</testsuite>
