<?xml version="1.0" encoding="UTF-8"?>
<!-- Generated by org.testng.reporters.JUnitReportReporter -->
<testsuite hostname="409147" name="site.ycsb.generator.TestUnixEpochTimestampGenerator" tests="4" failures="0" timestamp="8 Jul 2020 03:04:56 GMT" time="0.004" errors="0">
  <testcase name="defaultCtor" time="0.001" classname="site.ycsb.generator.TestUnixEpochTimestampGenerator"/>
  <testcase name="ctorWithIntervalAndUnits" time="0.000" classname="site.ycsb.generator.TestUnixEpochTimestampGenerator"/>
  <testcase name="ctorWithIntervalAndUnitsAndStart" time="0.003" classname="site.ycsb.generator.TestUnixEpochTimestampGenerator"/>
  <testcase name="variousIntervalsAndUnits" time="0.000" classname="site.ycsb.generator.TestUnixEpochTimestampGenerator"/>
</testsuite>
